Started GET "/" for 127.0.0.1 at 2017-06-10 20:19:37 -0700
Processing by SearchController#index as HTML
  Rendering search/index.html.erb within layouts/application
  Rendered search/index.html.erb within layouts/application (476.3ms)
Completed 200 OK in 973ms (Views: 537.5ms)


Started GET "/" for 127.0.0.1 at 2017-06-10 20:31:06 -0700
Processing by SearchController#index as HTML
  Rendering search/index.html.erb within layouts/application
  Rendered search/index.html.erb within layouts/application (235.8ms)
Completed 200 OK in 514ms (Views: 276.8ms)


Started GET "/query?utf8=%E2%9C%93&business=michael+mina&location=94105" for 127.0.0.1 at 2017-06-10 20:31:13 -0700
Processing by SearchController#query as HTML
  Parameters: {"utf8"=>"✓", "business"=>"michael mina", "location"=>"94105"}
Completed 500 Internal Server Error in 462ms


  
NoMethodError (undefined method `[]' for nil:NilClass):
  
app/controllers/search_controller.rb:21:in `query'
Started GET "/query?utf8=%E2%9C%93&business=michael+mina&location=94105" for 127.0.0.1 at 2017-06-10 20:32:47 -0700
Processing by SearchController#query as HTML
  Parameters: {"utf8"=>"✓", "business"=>"michael mina", "location"=>"94105"}
Completed 500 Internal Server Error in 699ms


  
NoMethodError (undefined method `[]' for nil:NilClass):
  
app/controllers/search_controller.rb:21:in `query'
Started GET "/" for 127.0.0.1 at 2017-06-10 20:35:50 -0700
Processing by SearchController#index as HTML
  Rendering search/index.html.erb within layouts/application
  Rendered search/index.html.erb within layouts/application (229.8ms)
Completed 200 OK in 509ms (Views: 270.7ms)


Started GET "/query?utf8=%E2%9C%93&business=sushi&location=94111" for 127.0.0.1 at 2017-06-10 20:35:57 -0700
Processing by SearchController#query as HTML
  Parameters: {"utf8"=>"✓", "business"=>"sushi", "location"=>"94111"}
Completed 500 Internal Server Error in 63ms


  
NoMethodError (undefined method `[]' for nil:NilClass):
  
app/controllers/search_controller.rb:21:in `query'
Started GET "/query?utf8=%E2%9C%93&business=sushi&location=94111" for 127.0.0.1 at 2017-06-10 20:37:04 -0700
Processing by SearchController#query as HTML
  Parameters: {"utf8"=>"✓", "business"=>"sushi", "location"=>"94111"}
Completed 500 Internal Server Error in 51ms


  
NoMethodError (undefined method `[]' for nil:NilClass):
  
app/controllers/search_controller.rb:21:in `query'
Started GET "/" for 127.0.0.1 at 2017-06-10 20:37:09 -0700
Processing by SearchController#index as HTML
  Rendering search/index.html.erb within layouts/application
  Rendered search/index.html.erb within layouts/application (9.1ms)
Completed 200 OK in 44ms (Views: 41.3ms)


Started GET "/query?utf8=%E2%9C%93&business=tacos&location=94111" for 127.0.0.1 at 2017-06-10 20:37:13 -0700
Processing by SearchController#query as HTML
  Parameters: {"utf8"=>"✓", "business"=>"tacos", "location"=>"94111"}
Completed 500 Internal Server Error in 80ms


  
NoMethodError (undefined method `[]' for nil:NilClass):
  
app/controllers/search_controller.rb:21:in `query'
Started GET "/" for 127.0.0.1 at 2017-06-10 20:37:39 -0700
Processing by SearchController#index as HTML
  Rendering search/index.html.erb within layouts/application
  Rendered search/index.html.erb within layouts/application (222.6ms)
Completed 200 OK in 487ms (Views: 264.7ms)


Started GET "/query?utf8=%E2%9C%93&business=michael+mina&location=94105" for 127.0.0.1 at 2017-06-10 20:37:45 -0700
Processing by SearchController#query as HTML
  Parameters: {"utf8"=>"✓", "business"=>"michael mina", "location"=>"94105"}
  Rendering search/index.html.erb within layouts/application
  Rendered search/index.html.erb within layouts/application (4.2ms)
Completed 200 OK in 64518ms (Views: 21.6ms)


Started GET "/" for 127.0.0.1 at 2017-06-10 20:42:30 -0700
Processing by SearchController#index as HTML
  Rendering search/index.html.erb within layouts/application
  Rendered search/index.html.erb within layouts/application (4.4ms)
Completed 200 OK in 23ms (Views: 20.4ms)


Started GET "/" for 127.0.0.1 at 2017-06-10 20:42:44 -0700
Processing by SearchController#index as HTML
  Rendering search/index.html.erb within layouts/application
  Rendered search/index.html.erb within layouts/application (4.9ms)
Completed 200 OK in 25ms (Views: 22.6ms)


Started GET "/" for 127.0.0.1 at 2017-06-10 20:42:45 -0700
Processing by SearchController#index as HTML
  Rendering search/index.html.erb within layouts/application
  Rendered search/index.html.erb within layouts/application (4.3ms)
Completed 200 OK in 31ms (Views: 29.0ms)


Started GET "/query?utf8=%E2%9C%93&business=tacos&location=94105" for 127.0.0.1 at 2017-06-10 20:42:53 -0700
Processing by SearchController#query as HTML
  Parameters: {"utf8"=>"✓", "business"=>"tacos", "location"=>"94105"}
Started GET "/" for 127.0.0.1 at 2017-06-10 20:42:56 -0700
Processing by SearchController#index as HTML
  Rendering search/index.html.erb within layouts/application
  Rendered search/index.html.erb within layouts/application (3.6ms)
Completed 200 OK in 21ms (Views: 19.1ms)


Started GET "/query?utf8=%E2%9C%93&business=ramen&location=94105" for 127.0.0.1 at 2017-06-10 20:43:01 -0700
Processing by SearchController#query as HTML
  Parameters: {"utf8"=>"✓", "business"=>"ramen", "location"=>"94105"}
Started GET "/query?utf8=%E2%9C%93&business=Burgers&location=94105" for 127.0.0.1 at 2017-06-10 20:43:13 -0700
Processing by SearchController#query as HTML
  Parameters: {"utf8"=>"✓", "business"=>"Burgers", "location"=>"94105"}
Started GET "/query?utf8=%E2%9C%93&business=Ice+Cream&location=94105" for 127.0.0.1 at 2017-06-10 20:43:22 -0700
Processing by SearchController#query as HTML
  Parameters: {"utf8"=>"✓", "business"=>"Ice Cream", "location"=>"94105"}
  Rendering search/index.html.erb within layouts/application
  Rendered search/index.html.erb within layouts/application (9.8ms)
Completed 200 OK in 61810ms (Views: 133.6ms)


  Rendering search/index.html.erb within layouts/application
  Rendered search/index.html.erb within layouts/application (3.5ms)
Completed 200 OK in 64141ms (Views: 21.2ms)


  Rendering search/index.html.erb within layouts/application
  Rendered search/index.html.erb within layouts/application (8.3ms)
Completed 200 OK in 79498ms (Views: 40.0ms)


  Rendering search/index.html.erb within layouts/application
  Rendered search/index.html.erb within layouts/application (3.2ms)
Completed 200 OK in 99687ms (Views: 19.5ms)


Started GET "/query?utf8=%E2%9C%93&business=tacos&location=94105" for 127.0.0.1 at 2017-06-10 21:06:34 -0700
  
SyntaxError (/Users/apprentice/Desktop/patrick/test/RailsMVP/app/controllers/search_controller.rb:77: syntax error, unexpected keyword_rescue, expecting keyword_end
/Users/apprentice/Desktop/patrick/test/RailsMVP/app/controllers/search_controller.rb:93: syntax error, unexpected end-of-input, expecting keyword_end):
  
app/controllers/search_controller.rb:77: syntax error, unexpected keyword_rescue, expecting keyword_end
app/controllers/search_controller.rb:93: syntax error, unexpected end-of-input, expecting keyword_end
Started GET "/query?utf8=%E2%9C%93&business=ramen&location=94105" for 127.0.0.1 at 2017-06-10 21:06:35 -0700
  
SyntaxError (/Users/apprentice/Desktop/patrick/test/RailsMVP/app/controllers/search_controller.rb:77: syntax error, unexpected keyword_rescue, expecting keyword_end
/Users/apprentice/Desktop/patrick/test/RailsMVP/app/controllers/search_controller.rb:93: syntax error, unexpected end-of-input, expecting keyword_end):
  
app/controllers/search_controller.rb:77: syntax error, unexpected keyword_rescue, expecting keyword_end
app/controllers/search_controller.rb:93: syntax error, unexpected end-of-input, expecting keyword_end
Started GET "/" for 127.0.0.1 at 2017-06-10 21:06:43 -0700
  
SyntaxError (/Users/apprentice/Desktop/patrick/test/RailsMVP/app/controllers/search_controller.rb:77: syntax error, unexpected keyword_rescue, expecting keyword_end
/Users/apprentice/Desktop/patrick/test/RailsMVP/app/controllers/search_controller.rb:93: syntax error, unexpected end-of-input, expecting keyword_end):
  
app/controllers/search_controller.rb:77: syntax error, unexpected keyword_rescue, expecting keyword_end
app/controllers/search_controller.rb:93: syntax error, unexpected end-of-input, expecting keyword_end
Started GET "/" for 127.0.0.1 at 2017-06-10 21:07:11 -0700
  
SyntaxError (/Users/apprentice/Desktop/patrick/test/RailsMVP/app/controllers/search_controller.rb:77: syntax error, unexpected keyword_rescue, expecting keyword_end
/Users/apprentice/Desktop/patrick/test/RailsMVP/app/controllers/search_controller.rb:93: syntax error, unexpected end-of-input, expecting keyword_end):
  
app/controllers/search_controller.rb:77: syntax error, unexpected keyword_rescue, expecting keyword_end
app/controllers/search_controller.rb:93: syntax error, unexpected end-of-input, expecting keyword_end
Started GET "/" for 127.0.0.1 at 2017-06-10 21:09:36 -0700
Processing by SearchController#index as HTML
  Rendering search/index.html.erb within layouts/application
  Rendered search/index.html.erb within layouts/application (239.6ms)
Completed 200 OK in 1013ms (Views: 296.4ms)


Started GET "/" for 127.0.0.1 at 2017-06-10 21:09:51 -0700
Processing by SearchController#index as HTML
  Rendering search/index.html.erb within layouts/application
  Rendered search/index.html.erb within layouts/application (5.0ms)
Completed 200 OK in 30ms (Views: 27.9ms)


Started GET "/" for 127.0.0.1 at 2017-06-10 21:09:52 -0700
Processing by SearchController#index as HTML
  Rendering search/index.html.erb within layouts/application
  Rendered search/index.html.erb within layouts/application (43.2ms)
Completed 200 OK in 67ms (Views: 63.4ms)


Started GET "/" for 127.0.0.1 at 2017-06-10 21:09:53 -0700
Processing by SearchController#index as HTML
  Rendering search/index.html.erb within layouts/application
  Rendered search/index.html.erb within layouts/application (4.6ms)
Completed 200 OK in 30ms (Views: 27.4ms)


Started GET "/" for 127.0.0.1 at 2017-06-10 21:09:54 -0700
Processing by SearchController#index as HTML
  Rendering search/index.html.erb within layouts/application
  Rendered search/index.html.erb within layouts/application (4.3ms)
Completed 200 OK in 25ms (Views: 23.2ms)


Started GET "/query?utf8=%E2%9C%93&business=michael+mina&location=94105" for 127.0.0.1 at 2017-06-10 21:10:04 -0700
Processing by SearchController#query as HTML
  Parameters: {"utf8"=>"✓", "business"=>"michael mina", "location"=>"94105"}
Started GET "/query?utf8=%E2%9C%93&business=tacos&location=94105" for 127.0.0.1 at 2017-06-10 21:10:08 -0700
Processing by SearchController#query as HTML
  Parameters: {"utf8"=>"✓", "business"=>"tacos", "location"=>"94105"}
Started GET "/query?utf8=%E2%9C%93&business=ramen&location=94105" for 127.0.0.1 at 2017-06-10 21:10:14 -0700
Processing by SearchController#query as HTML
  Parameters: {"utf8"=>"✓", "business"=>"ramen", "location"=>"94105"}
Started GET "/query?utf8=%E2%9C%93&business=burgers&location=94105" for 127.0.0.1 at 2017-06-10 21:10:20 -0700
Processing by SearchController#query as HTML
  Parameters: {"utf8"=>"✓", "business"=>"burgers", "location"=>"94105"}
Started GET "/query?utf8=%E2%9C%93&business=ice+cream&location=94105" for 127.0.0.1 at 2017-06-10 21:10:26 -0700
Processing by SearchController#query as HTML
  Parameters: {"utf8"=>"✓", "business"=>"ice cream", "location"=>"94105"}
  Rendering search/index.html.erb within layouts/application
  Rendered search/index.html.erb within layouts/application (16.6ms)
Completed 200 OK in 29653ms (Views: 107.6ms)


  Rendering search/index.html.erb within layouts/application
  Rendered search/index.html.erb within layouts/application (16.5ms)
Completed 200 OK in 26782ms (Views: 89.4ms)


  Rendering search/index.html.erb within layouts/application
  Rendered search/index.html.erb within layouts/application (2.7ms)
Completed 200 OK in 24657ms (Views: 21.1ms)


  Rendering search/index.html.erb within layouts/application
  Rendered search/index.html.erb within layouts/application (6.2ms)
Completed 200 OK in 25929ms (Views: 47.9ms)


  Rendering search/index.html.erb within layouts/application
  Rendered search/index.html.erb within layouts/application (7.4ms)
Completed 200 OK in 26512ms (Views: 45.3ms)


Started GET "/query?utf8=%E2%9C%93&business=michael+minatacos&location=94105" for 127.0.0.1 at 2017-06-10 21:15:42 -0700
Processing by SearchController#query as HTML
  Parameters: {"utf8"=>"✓", "business"=>"michael minatacos", "location"=>"94105"}
  Rendering search/index.html.erb within layouts/application
  Rendered search/index.html.erb within layouts/application (17.5ms)
Completed 200 OK in 509ms (Views: 129.4ms)


Started GET "/query?utf8=%E2%9C%93&business=tacos&location=94105" for 127.0.0.1 at 2017-06-10 21:15:46 -0700
Processing by SearchController#query as HTML
  Parameters: {"utf8"=>"✓", "business"=>"tacos", "location"=>"94105"}
Started GET "/" for 127.0.0.1 at 2017-06-10 21:16:03 -0700
Processing by SearchController#index as HTML
  Rendering search/index.html.erb within layouts/application
  Rendered search/index.html.erb within layouts/application (11.2ms)
Completed 200 OK in 48ms (Views: 43.4ms)


Started GET "/query?utf8=%E2%9C%93&business=tacos&location=94105" for 127.0.0.1 at 2017-06-10 21:16:07 -0700
Processing by SearchController#query as HTML
  Parameters: {"utf8"=>"✓", "business"=>"tacos", "location"=>"94105"}
  Rendering search/index.html.erb within layouts/application
  Rendered search/index.html.erb within layouts/application (10.9ms)
Completed 200 OK in 27176ms (Views: 49.7ms)


  Rendering search/index.html.erb within layouts/application
  Rendered search/index.html.erb within layouts/application (4.2ms)
Completed 200 OK in 26916ms (Views: 18.7ms)


Started GET "/query?utf8=%E2%9C%93&business=tacos&location=94105" for 127.0.0.1 at 2017-06-10 21:22:18 -0700
Processing by SearchController#query as HTML
  Parameters: {"utf8"=>"✓", "business"=>"tacos", "location"=>"94105"}
  Rendering search/index.html.erb within layouts/application
  Rendered search/index.html.erb within layouts/application (19.4ms)
Completed 200 OK in 41437ms (Views: 87.3ms)


Started GET "/" for 127.0.0.1 at 2017-06-10 21:26:15 -0700
Processing by SearchController#index as HTML
  Rendering search/index.html.erb within layouts/application
  Rendered search/index.html.erb within layouts/application (9.6ms)
Completed 200 OK in 43ms (Views: 39.8ms)


Started GET "/" for 127.0.0.1 at 2017-06-10 21:26:20 -0700
Processing by SearchController#index as HTML
  Rendering search/index.html.erb within layouts/application
  Rendered search/index.html.erb within layouts/application (9.2ms)
Completed 200 OK in 40ms (Views: 38.1ms)


Started GET "/" for 127.0.0.1 at 2017-06-10 21:26:22 -0700
Processing by SearchController#index as HTML
  Rendering search/index.html.erb within layouts/application
  Rendered search/index.html.erb within layouts/application (6.2ms)
Completed 200 OK in 32ms (Views: 29.5ms)


Started GET "/" for 127.0.0.1 at 2017-06-10 21:26:24 -0700
Processing by SearchController#index as HTML
  Rendering search/index.html.erb within layouts/application
  Rendered search/index.html.erb within layouts/application (4.5ms)
Completed 200 OK in 27ms (Views: 24.0ms)


Started GET "/query?utf8=%E2%9C%93&business=michael+mina&location=94105" for 127.0.0.1 at 2017-06-10 21:26:30 -0700
Processing by SearchController#query as HTML
  Parameters: {"utf8"=>"✓", "business"=>"michael mina", "location"=>"94105"}
Started GET "/query?utf8=%E2%9C%93&business=ramen&location=94105" for 127.0.0.1 at 2017-06-10 21:26:38 -0700
Processing by SearchController#query as HTML
  Parameters: {"utf8"=>"✓", "business"=>"ramen", "location"=>"94105"}
Started GET "/query?utf8=%E2%9C%93&business=burgers&location=94105" for 127.0.0.1 at 2017-06-10 21:26:44 -0700
Processing by SearchController#query as HTML
  Parameters: {"utf8"=>"✓", "business"=>"burgers", "location"=>"94105"}
Started GET "/query?utf8=%E2%9C%93&business=ice+cream&location=94105" for 127.0.0.1 at 2017-06-10 21:26:50 -0700
Processing by SearchController#query as HTML
  Parameters: {"utf8"=>"✓", "business"=>"ice cream", "location"=>"94105"}
  Rendering search/index.html.erb within layouts/application
  Rendered search/index.html.erb within layouts/application (13.3ms)
Completed 200 OK in 49954ms (Views: 67.7ms)


  Rendering search/index.html.erb within layouts/application
  Rendered search/index.html.erb within layouts/application (5.5ms)
Completed 200 OK in 53185ms (Views: 47.8ms)


  Rendering search/index.html.erb within layouts/application
  Rendered search/index.html.erb within layouts/application (6.8ms)
Completed 200 OK in 47768ms (Views: 37.8ms)


  Rendering search/index.html.erb within layouts/application
  Rendered search/index.html.erb within layouts/application (4.0ms)
Completed 200 OK in 53503ms (Views: 22.5ms)


Started GET "/query?utf8=%E2%9C%93&business=tacos&location=94105" for 127.0.0.1 at 2017-06-10 21:32:53 -0700
Processing by SearchController#query as HTML
  Parameters: {"utf8"=>"✓", "business"=>"tacos", "location"=>"94105"}
  Rendering search/index.html.erb within layouts/application
  Rendered search/index.html.erb within layouts/application (42.4ms)
Completed 200 OK in 46401ms (Views: 202.8ms)


Started GET "/query?utf8=%E2%9C%93&business=ramen&location=94105" for 127.0.0.1 at 2017-06-10 21:39:16 -0700
Processing by SearchController#query as HTML
  Parameters: {"utf8"=>"✓", "business"=>"ramen", "location"=>"94105"}
  Rendering search/index.html.erb within layouts/application
  Rendered search/index.html.erb within layouts/application (11.0ms)
Completed 200 OK in 53065ms (Views: 49.7ms)


Started GET "/query?utf8=%E2%9C%93&business=bodyshop&location=94105" for 127.0.0.1 at 2017-06-10 21:41:17 -0700
Processing by SearchController#query as HTML
  Parameters: {"utf8"=>"✓", "business"=>"bodyshop", "location"=>"94105"}
  Rendering search/index.html.erb within layouts/application
  Rendered search/index.html.erb within layouts/application (4.0ms)
Completed 200 OK in 100853ms (Views: 20.3ms)


Started GET "/" for 127.0.0.1 at 2017-06-11 15:04:51 -0700
Processing by SearchController#index as HTML
  Rendering search/index.html.erb within layouts/application
  Rendered search/index.html.erb within layouts/application (292.8ms)
Completed 200 OK in 693ms (Views: 327.0ms)


Started GET "/query?utf8=%E2%9C%93&business=michael+mina&location=94105" for 127.0.0.1 at 2017-06-11 15:05:01 -0700
Processing by SearchController#query as HTML
  Parameters: {"utf8"=>"✓", "business"=>"michael mina", "location"=>"94105"}
  Rendering search/index.html.erb within layouts/application
  Rendered search/index.html.erb within layouts/application (4.2ms)
Completed 200 OK in 69766ms (Views: 21.2ms)


